==============================================================================
Indexer Go routine dump: 
['curl', '-sS', '--proxy', '', '-u', '@:*****', 'http://127.0.0.1:9102/debug/pprof/goroutine?debug=1']
==============================================================================
goroutine profile: total 132
1 @ 0x853dc8 0x853ba3 0x84f474 0xc8e4ce 0xc8e6e0 0x6868ca 0x68813d 0x688c0e 0x68562e 0x464ff1
#	0x853dc8	runtime/pprof.writeRuntimeProfile+0xb8	/home/couchbase/.cbdepscache/exploded/x86_64/go-1.6/go/src/runtime/pprof/pprof.go:545
#	0x853ba3	runtime/pprof.writeGoroutine+0x93	/home/couchbase/.cbdepscache/exploded/x86_64/go-1.6/go/src/runtime/pprof/pprof.go:507
#	0x84f474	runtime/pprof.(*Profile).WriteTo+0xd4	/home/couchbase/.cbdepscache/exploded/x86_64/go-1.6/go/src/runtime/pprof/pprof.go:236
#	0xc8e4ce	net/http/pprof.handler.ServeHTTP+0x37e	/home/couchbase/.cbdepscache/exploded/x86_64/go-1.6/go/src/net/http/pprof/pprof.go:210
#	0xc8e6e0	net/http/pprof.Index+0x200		/home/couchbase/.cbdepscache/exploded/x86_64/go-1.6/go/src/net/http/pprof/pprof.go:222
#	0x6868ca	net/http.HandlerFunc.ServeHTTP+0x3a	/home/couchbase/.cbdepscache/exploded/x86_64/go-1.6/go/src/net/http/server.go:1618
#	0x68813d	net/http.(*ServeMux).ServeHTTP+0x17d	/home/couchbase/.cbdepscache/exploded/x86_64/go-1.6/go/src/net/http/server.go:1910
#	0x688c0e	net/http.serverHandler.ServeHTTP+0x19e	/home/couchbase/.cbdepscache/exploded/x86_64/go-1.6/go/src/net/http/server.go:2081
#	0x68562e	net/http.(*conn).serve+0xf2e		/home/couchbase/.cbdepscache/exploded/x86_64/go-1.6/go/src/net/http/server.go:1472

1 @ 0x434073 0x442d87 0x4422e2 0x4fc1a2 0x4fa61e 0x404b05 0x433c90 0x464ff1
#	0x4fc1a2	github.com/couchbase/indexing/secondary/indexer.(*indexer).run+0x292	/home/couchbase/jenkins/workspace/watson-unix/goproj/src/github.com/couchbase/indexing/secondary/indexer/indexer.go:479
#	0x4fa61e	github.com/couchbase/indexing/secondary/indexer.NewIndexer+0x3c0e	/home/couchbase/jenkins/workspace/watson-unix/goproj/src/github.com/couchbase/indexing/secondary/indexer/indexer.go:365
#	0x404b05	main.main+0x15b5							/home/couchbase/jenkins/workspace/watson-unix/goproj/src/github.com/couchbase/indexing/secondary/cmd/indexer/main.go:153
#	0x433c90	runtime.main+0x2b0							/home/couchbase/.cbdepscache/exploded/x86_64/go-1.6/go/src/runtime/proc.go:188

1 @ 0x464ff1

1 @ 0x434073 0x42eb2e 0x42dff0 0x70297a 0x7029e6 0x70483a 0x718d14 0x69bb27 0x6b1350 0xadea19 0xadf88a 0xaee7c3 0xaee0a9 0xaee357 0x690391 0x690280 0x69b41a 0x6cccc7 0x6cc953 0x6cc259 0x79adc4 0x464ff1
#	0x42dff0	net.runtime_pollWait+0x60						/home/couchbase/.cbdepscache/exploded/x86_64/go-1.6/go/src/runtime/netpoll.go:160
#	0x70297a	net.(*pollDesc).Wait+0x3a						/home/couchbase/.cbdepscache/exploded/x86_64/go-1.6/go/src/net/fd_poll_runtime.go:73
#	0x7029e6	net.(*pollDesc).WaitRead+0x36						/home/couchbase/.cbdepscache/exploded/x86_64/go-1.6/go/src/net/fd_poll_runtime.go:78
#	0x70483a	net.(*netFD).Read+0x23a							/home/couchbase/.cbdepscache/exploded/x86_64/go-1.6/go/src/net/fd_unix.go:250
#	0x718d14	net.(*conn).Read+0xe4							/home/couchbase/.cbdepscache/exploded/x86_64/go-1.6/go/src/net/net.go:172
#	0x69bb27	net/http.noteEOFReader.Read+0x67					/home/couchbase/.cbdepscache/exploded/x86_64/go-1.6/go/src/net/http/transport.go:1683
#	0x6b1350	net/http.(*noteEOFReader).Read+0xd0					<autogenerated>:284
#	0xadea19	bufio.(*Reader).fill+0x1e9						/home/couchbase/.cbdepscache/exploded/x86_64/go-1.6/go/src/bufio/bufio.go:97
#	0xadf88a	bufio.(*Reader).ReadSlice+0x21a						/home/couchbase/.cbdepscache/exploded/x86_64/go-1.6/go/src/bufio/bufio.go:328
#	0xaee7c3	net/http/internal.readChunkLine+0x53					/home/couchbase/.cbdepscache/exploded/x86_64/go-1.6/go/src/net/http/internal/chunked.go:110
#	0xaee0a9	net/http/internal.(*chunkedReader).beginChunk+0x39			/home/couchbase/.cbdepscache/exploded/x86_64/go-1.6/go/src/net/http/internal/chunked.go:47
#	0xaee357	net/http/internal.(*chunkedReader).Read+0xb7				/home/couchbase/.cbdepscache/exploded/x86_64/go-1.6/go/src/net/http/internal/chunked.go:77
#	0x690391	net/http.(*body).readLocked+0xa1					/home/couchbase/.cbdepscache/exploded/x86_64/go-1.6/go/src/net/http/transfer.go:651
#	0x690280	net/http.(*body).Read+0x110						/home/couchbase/.cbdepscache/exploded/x86_64/go-1.6/go/src/net/http/transfer.go:643
#	0x69b41a	net/http.(*bodyEOFSignal).Read+0x26a					/home/couchbase/.cbdepscache/exploded/x86_64/go-1.6/go/src/net/http/transport.go:1609
#	0x6cccc7	encoding/json.(*Decoder).refill+0x287					/home/couchbase/.cbdepscache/exploded/x86_64/go-1.6/go/src/encoding/json/stream.go:152
#	0x6cc953	encoding/json.(*Decoder).readValue+0x413				/home/couchbase/.cbdepscache/exploded/x86_64/go-1.6/go/src/encoding/json/stream.go:128
#	0x6cc259	encoding/json.(*Decoder).Decode+0x159					/home/couchbase/.cbdepscache/exploded/x86_64/go-1.6/go/src/encoding/json/stream.go:57
#	0x79adc4	github.com/couchbase/cbauth/metakv.doRunObserveChildren.func1+0x114	/home/couchbase/jenkins/workspace/watson-unix/godeps/src/github.com/couchbase/cbauth/metakv/metakv.go:270

1 @ 0x41441e 0x447472 0xc8eeb8 0x464ff1
#	0x447472	os/signal.signal_recv+0x132	/home/couchbase/.cbdepscache/exploded/x86_64/go-1.6/go/src/runtime/sigqueue.go:116
#	0xc8eeb8	os/signal.loop+0x18		/home/couchbase/.cbdepscache/exploded/x86_64/go-1.6/go/src/os/signal/signal_unix.go:22

1 @ 0x434073 0x42eb2e 0x42dff0 0x70297a 0x7029e6 0x70483a 0x718d14 0xadea19 0xadf090 0x6e44b1 0x6cccc7 0x6cc953 0x6cc259 0xb0e94c 0x6d67f0 0x6d647b 0x6d591d 0x6e4ed6 0x6e5917 0x47cbda 0x47e5cb 0x464ff1
#	0x42dff0	net.runtime_pollWait+0x60				/home/couchbase/.cbdepscache/exploded/x86_64/go-1.6/go/src/runtime/netpoll.go:160
#	0x70297a	net.(*pollDesc).Wait+0x3a				/home/couchbase/.cbdepscache/exploded/x86_64/go-1.6/go/src/net/fd_poll_runtime.go:73
#	0x7029e6	net.(*pollDesc).WaitRead+0x36				/home/couchbase/.cbdepscache/exploded/x86_64/go-1.6/go/src/net/fd_poll_runtime.go:78
#	0x70483a	net.(*netFD).Read+0x23a					/home/couchbase/.cbdepscache/exploded/x86_64/go-1.6/go/src/net/fd_unix.go:250
#	0x718d14	net.(*conn).Read+0xe4					/home/couchbase/.cbdepscache/exploded/x86_64/go-1.6/go/src/net/net.go:172
#	0xadea19	bufio.(*Reader).fill+0x1e9				/home/couchbase/.cbdepscache/exploded/x86_64/go-1.6/go/src/bufio/bufio.go:97
#	0xadf090	bufio.(*Reader).Read+0x260				/home/couchbase/.cbdepscache/exploded/x86_64/go-1.6/go/src/bufio/bufio.go:207
#	0x6e44b1	github.com/couchbase/cbauth/revrpc.(*minirwc).Read+0x51	/home/couchbase/jenkins/workspace/watson-unix/godeps/src/github.com/couchbase/cbauth/revrpc/revrpc.go:100
#	0x6cccc7	encoding/json.(*Decoder).refill+0x287			/home/couchbase/.cbdepscache/exploded/x86_64/go-1.6/go/src/encoding/json/stream.go:152
#	0x6cc953	encoding/json.(*Decoder).readValue+0x413		/home/couchbase/.cbdepscache/exploded/x86_64/go-1.6/go/src/encoding/json/stream.go:128
#	0x6cc259	encoding/json.(*Decoder).Decode+0x159			/home/couchbase/.cbdepscache/exploded/x86_64/go-1.6/go/src/encoding/json/stream.go:57
#	0xb0e94c	net/rpc/jsonrpc.(*serverCodec).ReadRequestHeader+0x7c	/home/couchbase/.cbdepscache/exploded/x86_64/go-1.6/go/src/net/rpc/jsonrpc/server.go:66
#	0x6d67f0	net/rpc.(*Server).readRequestHeader+0x90		/home/couchbase/.cbdepscache/exploded/x86_64/go-1.6/go/src/net/rpc/server.go:576
#	0x6d647b	net/rpc.(*Server).readRequest+0x8b			/home/couchbase/.cbdepscache/exploded/x86_64/go-1.6/go/src/net/rpc/server.go:543
#	0x6d591d	net/rpc.(*Server).ServeCodec+0x7d			/home/couchbase/.cbdepscache/exploded/x86_64/go-1.6/go/src/net/rpc/server.go:462
#	0x6e4ed6	github.com/couchbase/cbauth/revrpc.(*Service).Run+0x9f6	/home/couchbase/jenkins/workspace/watson-unix/godeps/src/github.com/couchbase/cbauth/revrpc/revrpc.go:146
#	0x6e5917	github.com/couchbase/cbauth/revrpc.BabysitService+0x77	/home/couchbase/jenkins/workspace/watson-unix/godeps/src/github.com/couchbase/cbauth/revrpc/revrpc.go:242
#	0x47cbda	github.com/couchbase/cbauth.runRPCForSvc+0x10a		/home/couchbase/jenkins/workspace/watson-unix/godeps/src/github.com/couchbase/cbauth/default.go:58
#	0x47e5cb	github.com/couchbase/cbauth.startDefault.func1+0x2b	/home/couchbase/jenkins/workspace/watson-unix/godeps/src/github.com/couchbase/cbauth/default.go:65

1 @ 0x434073 0x434134 0x44f859 0x48822a 0x464ff1
#	0x44f859	time.Sleep+0xf9									/home/couchbase/.cbdepscache/exploded/x86_64/go-1.6/go/src/runtime/time.go:59
#	0x48822a	github.com/couchbase/indexing/secondary/common.pollForDeletedBuckets+0x3a	/home/couchbase/jenkins/workspace/watson-unix/goproj/src/github.com/couchbase/indexing/secondary/common/dcp_seqno.go:341

1 @ 0x6351c5 0x632e7f 0x631cfd 0x470103 0x46d43a 0x497a57 0x464ff1
#	0x6351c5	syscall.Syscall+0x5							/home/couchbase/.cbdepscache/exploded/x86_64/go-1.6/go/src/syscall/asm_linux_amd64.s:19
#	0x632e7f	syscall.read+0x5f							/home/couchbase/.cbdepscache/exploded/x86_64/go-1.6/go/src/syscall/zsyscall_linux_amd64.go:783
#	0x631cfd	syscall.Read+0x4d							/home/couchbase/.cbdepscache/exploded/x86_64/go-1.6/go/src/syscall/syscall_unix.go:161
#	0x470103	os.(*File).read+0x53							/home/couchbase/.cbdepscache/exploded/x86_64/go-1.6/go/src/os/file_unix.go:228
#	0x46d43a	os.(*File).Read+0x8a							/home/couchbase/.cbdepscache/exploded/x86_64/go-1.6/go/src/os/file.go:95
#	0x497a57	github.com/couchbase/indexing/secondary/common.ExitOnStdinClose+0x97	/home/couchbase/jenkins/workspace/watson-unix/goproj/src/github.com/couchbase/indexing/secondary/common/util.go:319

1 @ 0x434073 0x442d87 0x4422e2 0x797d29 0x79753d 0x797fe7 0x5d802e 0x48f744 0x5d812d 0x464ff1
#	0x797d29	github.com/couchbase/cbauth/metakv.doRunObserveChildren+0x7c9				/home/couchbase/jenkins/workspace/watson-unix/godeps/src/github.com/couchbase/cbauth/metakv/metakv.go:287
#	0x79753d	github.com/couchbase/cbauth/metakv.(*store).runObserveChildren+0x6d			/home/couchbase/jenkins/workspace/watson-unix/godeps/src/github.com/couchbase/cbauth/metakv/metakv.go:246
#	0x797fe7	github.com/couchbase/cbauth/metakv.RunObserveChildren+0x57				/home/couchbase/jenkins/workspace/watson-unix/godeps/src/github.com/couchbase/cbauth/metakv/metakv.go:370
#	0x5d802e	github.com/couchbase/indexing/secondary/indexer.NewSettingsManager.func1.1+0x1be	/home/couchbase/jenkins/workspace/watson-unix/goproj/src/github.com/couchbase/indexing/secondary/indexer/settings.go:72
#	0x48f744	github.com/couchbase/indexing/secondary/common.(*RetryHelper).Run+0x64			/home/couchbase/jenkins/workspace/watson-unix/goproj/src/github.com/couchbase/indexing/secondary/common/retry_helper.go:36
#	0x5d812d	github.com/couchbase/indexing/secondary/indexer.NewSettingsManager.func1+0x9d		/home/couchbase/jenkins/workspace/watson-unix/goproj/src/github.com/couchbase/indexing/secondary/indexer/settings.go:76

2 @ 0x434073 0x442d87 0x4422e2 0xbb3484 0xbb2446 0xbb1e96 0x464ff1
#	0xbb3484	github.com/couchbase/gometa/protocol.runWatcher+0x654			/home/couchbase/jenkins/workspace/watson-unix/goproj/src/github.com/couchbase/gometa/protocol/watcherServer.go:320
#	0xbb2446	github.com/couchbase/gometa/protocol.runOnce+0x466			/home/couchbase/jenkins/workspace/watson-unix/goproj/src/github.com/couchbase/gometa/protocol/watcherServer.go:176
#	0xbb1e96	github.com/couchbase/gometa/protocol.RunWatcherServerWithRequest+0x146	/home/couchbase/jenkins/workspace/watson-unix/goproj/src/github.com/couchbase/gometa/protocol/watcherServer.go:49

3 @ 0x434073 0x442d87 0x4422e2 0x698c22 0x464ff1
#	0x698c22	net/http.(*persistConn).readLoop+0xd52	/home/couchbase/.cbdepscache/exploded/x86_64/go-1.6/go/src/net/http/transport.go:1178

17 @ 0x434073 0x442d87 0x4422e2 0x699a92 0x464ff1
#	0x699a92	net/http.(*persistConn).writeLoop+0x472	/home/couchbase/.cbdepscache/exploded/x86_64/go-1.6/go/src/net/http/transport.go:1273

14 @ 0x434073 0x42eb2e 0x42dff0 0x70297a 0x7029e6 0x70483a 0x718d14 0x69bb27 0x6b1350 0xadea19 0xadec3c 0x698047 0x464ff1
#	0x42dff0	net.runtime_pollWait+0x60		/home/couchbase/.cbdepscache/exploded/x86_64/go-1.6/go/src/runtime/netpoll.go:160
#	0x70297a	net.(*pollDesc).Wait+0x3a		/home/couchbase/.cbdepscache/exploded/x86_64/go-1.6/go/src/net/fd_poll_runtime.go:73
#	0x7029e6	net.(*pollDesc).WaitRead+0x36		/home/couchbase/.cbdepscache/exploded/x86_64/go-1.6/go/src/net/fd_poll_runtime.go:78
#	0x70483a	net.(*netFD).Read+0x23a			/home/couchbase/.cbdepscache/exploded/x86_64/go-1.6/go/src/net/fd_unix.go:250
#	0x718d14	net.(*conn).Read+0xe4			/home/couchbase/.cbdepscache/exploded/x86_64/go-1.6/go/src/net/net.go:172
#	0x69bb27	net/http.noteEOFReader.Read+0x67	/home/couchbase/.cbdepscache/exploded/x86_64/go-1.6/go/src/net/http/transport.go:1683
#	0x6b1350	net/http.(*noteEOFReader).Read+0xd0	<autogenerated>:284
#	0xadea19	bufio.(*Reader).fill+0x1e9		/home/couchbase/.cbdepscache/exploded/x86_64/go-1.6/go/src/bufio/bufio.go:97
#	0xadec3c	bufio.(*Reader).Peek+0xcc		/home/couchbase/.cbdepscache/exploded/x86_64/go-1.6/go/src/bufio/bufio.go:132
#	0x698047	net/http.(*persistConn).readLoop+0x177	/home/couchbase/.cbdepscache/exploded/x86_64/go-1.6/go/src/net/http/transport.go:1069

1 @ 0x434073 0x434134 0x40a4df 0x40a02b 0x5a3588 0x464ff1
#	0x5a3588	github.com/couchbase/indexing/secondary/indexer.(*timekeeper).run+0x58	/home/couchbase/jenkins/workspace/watson-unix/goproj/src/github.com/couchbase/indexing/secondary/indexer/timekeeper.go:111

1 @ 0x434073 0x42eb2e 0x42dff0 0x70297a 0x7029e6 0x70667c 0x724d4d 0x724f8d 0xa8aeed 0x464ff1
#	0x42dff0	net.runtime_pollWait+0x60							/home/couchbase/.cbdepscache/exploded/x86_64/go-1.6/go/src/runtime/netpoll.go:160
#	0x70297a	net.(*pollDesc).Wait+0x3a							/home/couchbase/.cbdepscache/exploded/x86_64/go-1.6/go/src/net/fd_poll_runtime.go:73
#	0x7029e6	net.(*pollDesc).WaitRead+0x36							/home/couchbase/.cbdepscache/exploded/x86_64/go-1.6/go/src/net/fd_poll_runtime.go:78
#	0x70667c	net.(*netFD).accept+0x27c							/home/couchbase/.cbdepscache/exploded/x86_64/go-1.6/go/src/net/fd_unix.go:426
#	0x724d4d	net.(*TCPListener).AcceptTCP+0x4d						/home/couchbase/.cbdepscache/exploded/x86_64/go-1.6/go/src/net/tcpsock_posix.go:254
#	0x724f8d	net.(*TCPListener).Accept+0x3d							/home/couchbase/.cbdepscache/exploded/x86_64/go-1.6/go/src/net/tcpsock_posix.go:264
#	0xa8aeed	github.com/couchbase/indexing/secondary/queryport.(*Server).listener+0x6d	/home/couchbase/jenkins/workspace/watson-unix/goproj/src/github.com/couchbase/indexing/secondary/queryport/server.go:118

1 @ 0x434073 0x434134 0x40a4df 0x409ffb 0x8afbfe 0x464ff1
#	0x8afbfe	github.com/couchbase/indexing/secondary/queryport/client.(*metadataClient).logstats+0x9e	/home/couchbase/jenkins/workspace/watson-unix/goproj/src/github.com/couchbase/indexing/secondary/queryport/client/meta_client.go:415

1 @ 0x434073 0x442d87 0x4422e2 0x54cbae 0x464ff1
#	0x54cbae	github.com/couchbase/indexing/secondary/indexer.(*mutationMgr).handleWorkerMsgs+0x14e	/home/couchbase/jenkins/workspace/watson-unix/goproj/src/github.com/couchbase/indexing/secondary/indexer/mutation_manager.go:145

1 @ 0x434073 0x434134 0x40a4df 0x40a02b 0x527678 0x464ff1
#	0x527678	github.com/couchbase/indexing/secondary/indexer.(*kvSender).run+0x58	/home/couchbase/jenkins/workspace/watson-unix/goproj/src/github.com/couchbase/indexing/secondary/indexer/kv_sender.go:85

1 @ 0x434073 0x42eb2e 0x42dff0 0x70297a 0x7029e6 0x70483a 0x718d14 0x69bb27 0x6b1350 0xadea19 0xadf88a 0xaee7c3 0xaee0a9 0xaee357 0x690391 0x690280 0x69b41a 0xadea19 0xadf88a 0xadfbc9 0x749150 0x74881b 0x48f976 0x464ff1
#	0x42dff0	net.runtime_pollWait+0x60									/home/couchbase/.cbdepscache/exploded/x86_64/go-1.6/go/src/runtime/netpoll.go:160
#	0x70297a	net.(*pollDesc).Wait+0x3a									/home/couchbase/.cbdepscache/exploded/x86_64/go-1.6/go/src/net/fd_poll_runtime.go:73
#	0x7029e6	net.(*pollDesc).WaitRead+0x36									/home/couchbase/.cbdepscache/exploded/x86_64/go-1.6/go/src/net/fd_poll_runtime.go:78
#	0x70483a	net.(*netFD).Read+0x23a										/home/couchbase/.cbdepscache/exploded/x86_64/go-1.6/go/src/net/fd_unix.go:250
#	0x718d14	net.(*conn).Read+0xe4										/home/couchbase/.cbdepscache/exploded/x86_64/go-1.6/go/src/net/net.go:172
#	0x69bb27	net/http.noteEOFReader.Read+0x67								/home/couchbase/.cbdepscache/exploded/x86_64/go-1.6/go/src/net/http/transport.go:1683
#	0x6b1350	net/http.(*noteEOFReader).Read+0xd0								<autogenerated>:284
#	0xadea19	bufio.(*Reader).fill+0x1e9									/home/couchbase/.cbdepscache/exploded/x86_64/go-1.6/go/src/bufio/bufio.go:97
#	0xadf88a	bufio.(*Reader).ReadSlice+0x21a									/home/couchbase/.cbdepscache/exploded/x86_64/go-1.6/go/src/bufio/bufio.go:328
#	0xaee7c3	net/http/internal.readChunkLine+0x53								/home/couchbase/.cbdepscache/exploded/x86_64/go-1.6/go/src/net/http/internal/chunked.go:110
#	0xaee0a9	net/http/internal.(*chunkedReader).beginChunk+0x39						/home/couchbase/.cbdepscache/exploded/x86_64/go-1.6/go/src/net/http/internal/chunked.go:47
#	0xaee357	net/http/internal.(*chunkedReader).Read+0xb7							/home/couchbase/.cbdepscache/exploded/x86_64/go-1.6/go/src/net/http/internal/chunked.go:77
#	0x690391	net/http.(*body).readLocked+0xa1								/home/couchbase/.cbdepscache/exploded/x86_64/go-1.6/go/src/net/http/transfer.go:651
#	0x690280	net/http.(*body).Read+0x110									/home/couchbase/.cbdepscache/exploded/x86_64/go-1.6/go/src/net/http/transfer.go:643
#	0x69b41a	net/http.(*bodyEOFSignal).Read+0x26a								/home/couchbase/.cbdepscache/exploded/x86_64/go-1.6/go/src/net/http/transport.go:1609
#	0xadea19	bufio.(*Reader).fill+0x1e9									/home/couchbase/.cbdepscache/exploded/x86_64/go-1.6/go/src/bufio/bufio.go:97
#	0xadf88a	bufio.(*Reader).ReadSlice+0x21a									/home/couchbase/.cbdepscache/exploded/x86_64/go-1.6/go/src/bufio/bufio.go:328
#	0xadfbc9	bufio.(*Reader).ReadBytes+0xa9									/home/couchbase/.cbdepscache/exploded/x86_64/go-1.6/go/src/bufio/bufio.go:406
#	0x749150	github.com/couchbase/indexing/secondary/dcp.(*Client).runObserveStreamingEndpoint+0x810		/home/couchbase/jenkins/workspace/watson-unix/goproj/src/github.com/couchbase/indexing/secondary/dcp/pools.go:366
#	0x74881b	github.com/couchbase/indexing/secondary/dcp.(*Client).RunObservePool+0xab			/home/couchbase/jenkins/workspace/watson-unix/goproj/src/github.com/couchbase/indexing/secondary/dcp/pools.go:305
#	0x48f976	github.com/couchbase/indexing/secondary/common.(*serviceNotifierInstance).RunPoolObserver+0xa6	/home/couchbase/jenkins/workspace/watson-unix/goproj/src/github.com/couchbase/indexing/secondary/common/services_notifier.go:78

1 @ 0x434073 0x42eb2e 0x42dff0 0x70297a 0x7029e6 0x70483a 0x718d14 0x69bb27 0x6b1350 0xadea19 0xadf88a 0xaee7c3 0xaee0a9 0xaee357 0x690391 0x690280 0x69b41a 0xadea19 0xadf88a 0xadfbc9 0x749150 0x748913 0x48fc76 0x464ff1
#	0x42dff0	net.runtime_pollWait+0x60										/home/couchbase/.cbdepscache/exploded/x86_64/go-1.6/go/src/runtime/netpoll.go:160
#	0x70297a	net.(*pollDesc).Wait+0x3a										/home/couchbase/.cbdepscache/exploded/x86_64/go-1.6/go/src/net/fd_poll_runtime.go:73
#	0x7029e6	net.(*pollDesc).WaitRead+0x36										/home/couchbase/.cbdepscache/exploded/x86_64/go-1.6/go/src/net/fd_poll_runtime.go:78
#	0x70483a	net.(*netFD).Read+0x23a											/home/couchbase/.cbdepscache/exploded/x86_64/go-1.6/go/src/net/fd_unix.go:250
#	0x718d14	net.(*conn).Read+0xe4											/home/couchbase/.cbdepscache/exploded/x86_64/go-1.6/go/src/net/net.go:172
#	0x69bb27	net/http.noteEOFReader.Read+0x67									/home/couchbase/.cbdepscache/exploded/x86_64/go-1.6/go/src/net/http/transport.go:1683
#	0x6b1350	net/http.(*noteEOFReader).Read+0xd0									<autogenerated>:284
#	0xadea19	bufio.(*Reader).fill+0x1e9										/home/couchbase/.cbdepscache/exploded/x86_64/go-1.6/go/src/bufio/bufio.go:97
#	0xadf88a	bufio.(*Reader).ReadSlice+0x21a										/home/couchbase/.cbdepscache/exploded/x86_64/go-1.6/go/src/bufio/bufio.go:328
#	0xaee7c3	net/http/internal.readChunkLine+0x53									/home/couchbase/.cbdepscache/exploded/x86_64/go-1.6/go/src/net/http/internal/chunked.go:110
#	0xaee0a9	net/http/internal.(*chunkedReader).beginChunk+0x39							/home/couchbase/.cbdepscache/exploded/x86_64/go-1.6/go/src/net/http/internal/chunked.go:47
#	0xaee357	net/http/internal.(*chunkedReader).Read+0xb7								/home/couchbase/.cbdepscache/exploded/x86_64/go-1.6/go/src/net/http/internal/chunked.go:77
#	0x690391	net/http.(*body).readLocked+0xa1									/home/couchbase/.cbdepscache/exploded/x86_64/go-1.6/go/src/net/http/transfer.go:651
#	0x690280	net/http.(*body).Read+0x110										/home/couchbase/.cbdepscache/exploded/x86_64/go-1.6/go/src/net/http/transfer.go:643
#	0x69b41a	net/http.(*bodyEOFSignal).Read+0x26a									/home/couchbase/.cbdepscache/exploded/x86_64/go-1.6/go/src/net/http/transport.go:1609
#	0xadea19	bufio.(*Reader).fill+0x1e9										/home/couchbase/.cbdepscache/exploded/x86_64/go-1.6/go/src/bufio/bufio.go:97
#	0xadf88a	bufio.(*Reader).ReadSlice+0x21a										/home/couchbase/.cbdepscache/exploded/x86_64/go-1.6/go/src/bufio/bufio.go:328
#	0xadfbc9	bufio.(*Reader).ReadBytes+0xa9										/home/couchbase/.cbdepscache/exploded/x86_64/go-1.6/go/src/bufio/bufio.go:406
#	0x749150	github.com/couchbase/indexing/secondary/dcp.(*Client).runObserveStreamingEndpoint+0x810			/home/couchbase/jenkins/workspace/watson-unix/goproj/src/github.com/couchbase/indexing/secondary/dcp/pools.go:366
#	0x748913	github.com/couchbase/indexing/secondary/dcp.(*Client).RunObserveNodeServices+0xc3			/home/couchbase/jenkins/workspace/watson-unix/goproj/src/github.com/couchbase/indexing/secondary/dcp/pools.go:318
#	0x48fc76	github.com/couchbase/indexing/secondary/common.(*serviceNotifierInstance).RunServicesObserver+0xa6	/home/couchbase/jenkins/workspace/watson-unix/goproj/src/github.com/couchbase/indexing/secondary/common/services_notifier.go:87

1 @ 0x434073 0x434134 0x40a4df 0x40a02b 0x54c958 0x464ff1
#	0x54c958	github.com/couchbase/indexing/secondary/indexer.(*mutationMgr).run+0xc8	/home/couchbase/jenkins/workspace/watson-unix/goproj/src/github.com/couchbase/indexing/secondary/indexer/mutation_manager.go:121

1 @ 0x434073 0x434134 0x40a4df 0x40a02b 0x566cc8 0x464ff1
#	0x566cc8	github.com/couchbase/indexing/secondary/indexer.(*scanCoordinator).run+0x58	/home/couchbase/jenkins/workspace/watson-unix/goproj/src/github.com/couchbase/indexing/secondary/indexer/scan_coordinator.go:318

1 @ 0x434073 0x434134 0x40a4df 0x40a02b 0x5669e5 0x464ff1
#	0x5669e5	github.com/couchbase/indexing/secondary/indexer.(*scanCoordinator).listenSnapshot+0x55	/home/couchbase/jenkins/workspace/watson-unix/goproj/src/github.com/couchbase/indexing/secondary/indexer/scan_coordinator.go:267

1 @ 0x434073 0x42eb2e 0x42dff0 0x70297a 0x7029e6 0x70667c 0x724d4d 0x724f8d 0xa950bc 0x464ff1
#	0x42dff0	net.runtime_pollWait+0x60					/home/couchbase/.cbdepscache/exploded/x86_64/go-1.6/go/src/runtime/netpoll.go:160
#	0x70297a	net.(*pollDesc).Wait+0x3a					/home/couchbase/.cbdepscache/exploded/x86_64/go-1.6/go/src/net/fd_poll_runtime.go:73
#	0x7029e6	net.(*pollDesc).WaitRead+0x36					/home/couchbase/.cbdepscache/exploded/x86_64/go-1.6/go/src/net/fd_poll_runtime.go:78
#	0x70667c	net.(*netFD).accept+0x27c					/home/couchbase/.cbdepscache/exploded/x86_64/go-1.6/go/src/net/fd_unix.go:426
#	0x724d4d	net.(*TCPListener).AcceptTCP+0x4d				/home/couchbase/.cbdepscache/exploded/x86_64/go-1.6/go/src/net/tcpsock_posix.go:254
#	0x724f8d	net.(*TCPListener).Accept+0x3d					/home/couchbase/.cbdepscache/exploded/x86_64/go-1.6/go/src/net/tcpsock_posix.go:264
#	0xa950bc	github.com/couchbase/indexing/secondary/dataport.listener+0x3c	/home/couchbase/jenkins/workspace/watson-unix/goproj/src/github.com/couchbase/indexing/secondary/dataport/server.go:515

1 @ 0x434073 0x442d87 0x4422e2 0x54d0e0 0x464ff1
#	0x54d0e0	github.com/couchbase/indexing/secondary/indexer.(*mutationMgr).listenWorkerMsgs+0x520	/home/couchbase/jenkins/workspace/watson-unix/goproj/src/github.com/couchbase/indexing/secondary/indexer/mutation_manager.go:168

1 @ 0x434073 0x42eb2e 0x42dff0 0x70297a 0x7029e6 0x70667c 0x724d4d 0x724f8d 0xb87d7b 0x464ff1
#	0x42dff0	net.runtime_pollWait+0x60					/home/couchbase/.cbdepscache/exploded/x86_64/go-1.6/go/src/runtime/netpoll.go:160
#	0x70297a	net.(*pollDesc).Wait+0x3a					/home/couchbase/.cbdepscache/exploded/x86_64/go-1.6/go/src/net/fd_poll_runtime.go:73
#	0x7029e6	net.(*pollDesc).WaitRead+0x36					/home/couchbase/.cbdepscache/exploded/x86_64/go-1.6/go/src/net/fd_poll_runtime.go:78
#	0x70667c	net.(*netFD).accept+0x27c					/home/couchbase/.cbdepscache/exploded/x86_64/go-1.6/go/src/net/fd_unix.go:426
#	0x724d4d	net.(*TCPListener).AcceptTCP+0x4d				/home/couchbase/.cbdepscache/exploded/x86_64/go-1.6/go/src/net/tcpsock_posix.go:254
#	0x724f8d	net.(*TCPListener).Accept+0x3d					/home/couchbase/.cbdepscache/exploded/x86_64/go-1.6/go/src/net/tcpsock_posix.go:264
#	0xb87d7b	github.com/couchbase/gometa/common.(*PeerListener).listen+0x7b	/home/couchbase/jenkins/workspace/watson-unix/goproj/src/github.com/couchbase/gometa/common/peerListener.go:135

1 @ 0x434073 0x442d87 0x4422e2 0xbb11ec 0xbaece2 0xbc182d 0xbc0e15 0x464ff1
#	0xbb11ec	github.com/couchbase/gometa/protocol.(*LeaderServer).processRequest+0x82c	/home/couchbase/jenkins/workspace/watson-unix/goproj/src/github.com/couchbase/gometa/protocol/leaderServer.go:384
#	0xbaece2	github.com/couchbase/gometa/protocol.RunLeaderServerWithCustomHandler+0x652	/home/couchbase/jenkins/workspace/watson-unix/goproj/src/github.com/couchbase/gometa/protocol/leaderServer.go:130
#	0xbc182d	github.com/couchbase/gometa/server.(*EmbeddedServer).runOnce+0x19d		/home/couchbase/jenkins/workspace/watson-unix/goproj/src/github.com/couchbase/gometa/server/embeddedServer.go:451
#	0xbc0e15	github.com/couchbase/gometa/server.(*EmbeddedServer).run+0x25			/home/couchbase/jenkins/workspace/watson-unix/goproj/src/github.com/couchbase/gometa/server/embeddedServer.go:354

1 @ 0x434073 0x442d87 0x4422e2 0x7c98b4 0x464ff1
#	0x7c98b4	github.com/couchbase/indexing/secondary/manager.(*LifecycleMgr).processRequest+0x2d4	/home/couchbase/jenkins/workspace/watson-unix/goproj/src/github.com/couchbase/indexing/secondary/manager/lifecycle.go:162

1 @ 0x434073 0x442d87 0x4422e2 0x7d3748 0x464ff1
#	0x7d3748	github.com/couchbase/indexing/secondary/manager.(*IndexManager).monitorBucket+0x3c8	/home/couchbase/jenkins/workspace/watson-unix/goproj/src/github.com/couchbase/indexing/secondary/manager/manager.go:502

1 @ 0x434073 0x434134 0x40a4df 0x40a02b 0x4cb982 0x464ff1
#	0x4cb982	github.com/couchbase/indexing/secondary/indexer.(*clustMgrAgent).run+0xb2	/home/couchbase/jenkins/workspace/watson-unix/goproj/src/github.com/couchbase/indexing/secondary/indexer/cluster_manager_agent.go:121

1 @ 0x434073 0x434134 0x40a4df 0x40a02b 0x581f79 0x464ff1
#	0x581f79	github.com/couchbase/indexing/secondary/indexer.(*statsManager).run+0x59	/home/couchbase/jenkins/workspace/watson-unix/goproj/src/github.com/couchbase/indexing/secondary/indexer/stats_manager.go:573

1 @ 0x434073 0x434134 0x44f859 0x582859 0x464ff1
#	0x44f859	time.Sleep+0xf9											/home/couchbase/.cbdepscache/exploded/x86_64/go-1.6/go/src/runtime/time.go:59
#	0x582859	github.com/couchbase/indexing/secondary/indexer.(*statsManager).runStatsDumpLogger+0x3f9	/home/couchbase/jenkins/workspace/watson-unix/goproj/src/github.com/couchbase/indexing/secondary/indexer/stats_manager.go:617

1 @ 0x434073 0x434134 0x40a4df 0x409ffb 0x5ebdc9 0x464ff1
#	0x5ebdc9	github.com/couchbase/indexing/secondary/logging.PeriodicProfile.func1+0x59	/home/couchbase/jenkins/workspace/watson-unix/goproj/src/github.com/couchbase/indexing/secondary/logging/logging.go:196

1 @ 0x434073 0x42eb2e 0x42dff0 0x70297a 0x7029e6 0x70667c 0x724d4d 0x689dc1 0x688f59 0x688da6 0x6894a8 0x5c7561 0x464ff1
#	0x42dff0	net.runtime_pollWait+0x60						/home/couchbase/.cbdepscache/exploded/x86_64/go-1.6/go/src/runtime/netpoll.go:160
#	0x70297a	net.(*pollDesc).Wait+0x3a						/home/couchbase/.cbdepscache/exploded/x86_64/go-1.6/go/src/net/fd_poll_runtime.go:73
#	0x7029e6	net.(*pollDesc).WaitRead+0x36						/home/couchbase/.cbdepscache/exploded/x86_64/go-1.6/go/src/net/fd_poll_runtime.go:78
#	0x70667c	net.(*netFD).accept+0x27c						/home/couchbase/.cbdepscache/exploded/x86_64/go-1.6/go/src/net/fd_unix.go:426
#	0x724d4d	net.(*TCPListener).AcceptTCP+0x4d					/home/couchbase/.cbdepscache/exploded/x86_64/go-1.6/go/src/net/tcpsock_posix.go:254
#	0x689dc1	net/http.tcpKeepAliveListener.Accept+0x41				/home/couchbase/.cbdepscache/exploded/x86_64/go-1.6/go/src/net/http/server.go:2427
#	0x688f59	net/http.(*Server).Serve+0x129						/home/couchbase/.cbdepscache/exploded/x86_64/go-1.6/go/src/net/http/server.go:2117
#	0x688da6	net/http.(*Server).ListenAndServe+0x136					/home/couchbase/.cbdepscache/exploded/x86_64/go-1.6/go/src/net/http/server.go:2098
#	0x6894a8	net/http.ListenAndServe+0x98						/home/couchbase/.cbdepscache/exploded/x86_64/go-1.6/go/src/net/http/server.go:2195
#	0x5c7561	github.com/couchbase/indexing/secondary/indexer.NewIndexer.func1+0x41	/home/couchbase/jenkins/workspace/watson-unix/goproj/src/github.com/couchbase/indexing/secondary/indexer/indexer.go:268

1 @ 0x434073 0x434134 0x40a4df 0x40a02b 0xbaa98d 0x464ff1
#	0xbaa98d	github.com/couchbase/gometa/protocol.(*Leader).listen+0xcd	/home/couchbase/jenkins/workspace/watson-unix/goproj/src/github.com/couchbase/gometa/protocol/leader.go:472

1 @ 0x434073 0x442d87 0x4422e2 0xbaf68b 0x464ff1
#	0xbaf68b	github.com/couchbase/gometa/protocol.(*LeaderServer).listenFollower+0x68b	/home/couchbase/jenkins/workspace/watson-unix/goproj/src/github.com/couchbase/gometa/protocol/leaderServer.go:186

2 @ 0x434073 0x434134 0x40a4df 0x40a02b 0x486018 0x464ff1
#	0x486018	github.com/couchbase/indexing/secondary/common.(*vbSeqnosReader).Routine+0x68	/home/couchbase/jenkins/workspace/watson-unix/goproj/src/github.com/couchbase/indexing/secondary/common/dcp_seqno.go:104

5 @ 0x434073 0x442d87 0x4422e2 0x4ddaef 0x464ff1
#	0x4ddaef	github.com/couchbase/indexing/secondary/indexer.(*fdbSlice).handleCommandsWorker+0x91f	/home/couchbase/jenkins/workspace/watson-unix/goproj/src/github.com/couchbase/indexing/secondary/indexer/forestdb_slice_writer.go:312

1 @ 0x434073 0x442d87 0x4422e2 0x8b3b4e 0x464ff1
#	0x8b3b4e	github.com/couchbase/indexing/secondary/queryport/client.(*metadataClient).watchClusterChanges+0x52e	/home/couchbase/jenkins/workspace/watson-unix/goproj/src/github.com/couchbase/indexing/secondary/queryport/client/meta_client.go:856

2 @ 0x434073 0x442d87 0x4422e2 0x8d00c2 0x464ff1
#	0x8d00c2	github.com/couchbase/indexing/secondary/manager/client.(*watcher).timeoutChecker+0x132	/home/couchbase/jenkins/workspace/watson-unix/goproj/src/github.com/couchbase/indexing/secondary/manager/client/metadata_provider.go:1366

2 @ 0x434073 0x442d87 0x4422e2 0xba46cd 0x464ff1
#	0xba46cd	github.com/couchbase/gometa/protocol.(*Follower).startListener+0x36d	/home/couchbase/jenkins/workspace/watson-unix/goproj/src/github.com/couchbase/gometa/protocol/follower.go:149

1 @ 0x434073 0x442d87 0x4422e2 0x4d50e2 0x464ff1
#	0x4d50e2	github.com/couchbase/indexing/secondary/indexer.(*compactionDaemon).loop+0x1642	/home/couchbase/jenkins/workspace/watson-unix/goproj/src/github.com/couchbase/indexing/secondary/indexer/compaction_manager.go:221

6 @ 0x434073 0x42eb2e 0x42dff0 0x70297a 0x7029e6 0x70483a 0x718d14 0xb8c55f 0xb8ba17 0x464ff1
#	0x42dff0	net.runtime_pollWait+0x60					/home/couchbase/.cbdepscache/exploded/x86_64/go-1.6/go/src/runtime/netpoll.go:160
#	0x70297a	net.(*pollDesc).Wait+0x3a					/home/couchbase/.cbdepscache/exploded/x86_64/go-1.6/go/src/net/fd_poll_runtime.go:73
#	0x7029e6	net.(*pollDesc).WaitRead+0x36					/home/couchbase/.cbdepscache/exploded/x86_64/go-1.6/go/src/net/fd_poll_runtime.go:78
#	0x70483a	net.(*netFD).Read+0x23a						/home/couchbase/.cbdepscache/exploded/x86_64/go-1.6/go/src/net/fd_unix.go:250
#	0x718d14	net.(*conn).Read+0xe4						/home/couchbase/.cbdepscache/exploded/x86_64/go-1.6/go/src/net/net.go:172
#	0xb8c55f	github.com/couchbase/gometa/common.(*PeerPipe).readBytes+0xef	/home/couchbase/jenkins/workspace/watson-unix/goproj/src/github.com/couchbase/gometa/common/peerPipe.go:256
#	0xb8ba17	github.com/couchbase/gometa/common.(*PeerPipe).doReceive+0x67	/home/couchbase/jenkins/workspace/watson-unix/goproj/src/github.com/couchbase/gometa/common/peerPipe.go:201

6 @ 0x434073 0x434134 0x40a4df 0x40a02b 0xb8aecd 0x464ff1
#	0xb8aecd	github.com/couchbase/gometa/common.(*PeerPipe).doSend+0x8d	/home/couchbase/jenkins/workspace/watson-unix/goproj/src/github.com/couchbase/gometa/common/peerPipe.go:153

4 @ 0x434073 0x42eb2e 0x42dff0 0x70297a 0x7029e6 0x70483a 0x718d14 0xbca149 0xbcada6 0xbc9870 0xa958be 0x464ff1
#	0x42dff0	net.runtime_pollWait+0x60								/home/couchbase/.cbdepscache/exploded/x86_64/go-1.6/go/src/runtime/netpoll.go:160
#	0x70297a	net.(*pollDesc).Wait+0x3a								/home/couchbase/.cbdepscache/exploded/x86_64/go-1.6/go/src/net/fd_poll_runtime.go:73
#	0x7029e6	net.(*pollDesc).WaitRead+0x36								/home/couchbase/.cbdepscache/exploded/x86_64/go-1.6/go/src/net/fd_poll_runtime.go:78
#	0x70483a	net.(*netFD).Read+0x23a									/home/couchbase/.cbdepscache/exploded/x86_64/go-1.6/go/src/net/fd_unix.go:250
#	0x718d14	net.(*conn).Read+0xe4									/home/couchbase/.cbdepscache/exploded/x86_64/go-1.6/go/src/net/net.go:172
#	0xbca149	github.com/couchbase/indexing/secondary/transport.fullRead+0xa9				/home/couchbase/jenkins/workspace/watson-unix/goproj/src/github.com/couchbase/indexing/secondary/transport/transport.go:188
#	0xbcada6	github.com/couchbase/indexing/secondary/transport.Receive+0x116				/home/couchbase/jenkins/workspace/watson-unix/goproj/src/github.com/couchbase/indexing/secondary/transport/util.go:46
#	0xbc9870	github.com/couchbase/indexing/secondary/transport.(*TransportPacket).Receive+0xb0	/home/couchbase/jenkins/workspace/watson-unix/goproj/src/github.com/couchbase/indexing/secondary/transport/transport.go:116
#	0xa958be	github.com/couchbase/indexing/secondary/dataport.doReceive+0x2fe			/home/couchbase/jenkins/workspace/watson-unix/goproj/src/github.com/couchbase/indexing/secondary/dataport/server.go:563

1 @ 0x434073 0x434134 0x40a4df 0x40a02b 0x583198 0x464ff1
#	0x583198	github.com/couchbase/indexing/secondary/indexer.(*storageMgr).run+0x58	/home/couchbase/jenkins/workspace/watson-unix/goproj/src/github.com/couchbase/indexing/secondary/indexer/storage_manager.go:144

1 @ 0x434073 0x442d87 0x4422e2 0xa92d5a 0x464ff1
#	0xa92d5a	github.com/couchbase/indexing/secondary/dataport.(*Server).genServer+0xaea	/home/couchbase/jenkins/workspace/watson-unix/goproj/src/github.com/couchbase/indexing/secondary/dataport/server.go:338

1 @ 0x434073 0x442d87 0x4422e2 0x58ebb7 0x464ff1
#	0x58ebb7	github.com/couchbase/indexing/secondary/indexer.(*streamWorker).start+0x247	/home/couchbase/jenkins/workspace/watson-unix/goproj/src/github.com/couchbase/indexing/secondary/indexer/stream_reader.go:478

1 @ 0x434073 0x442d87 0x4422e2 0x58b470 0x464ff1
#	0x58b470	github.com/couchbase/indexing/secondary/indexer.(*mutationStreamReader).run+0x430	/home/couchbase/jenkins/workspace/watson-unix/goproj/src/github.com/couchbase/indexing/secondary/indexer/stream_reader.go:159

1 @ 0x434073 0x434134 0x40a4df 0x40a02b 0x58b506 0x464ff1
#	0x58b506	github.com/couchbase/indexing/secondary/indexer.(*mutationStreamReader).listenSupvCmd+0x76	/home/couchbase/jenkins/workspace/watson-unix/goproj/src/github.com/couchbase/indexing/secondary/indexer/stream_reader.go:200

1 @ 0x434073 0x442d87 0x4422e2 0x58cf23 0x464ff1
#	0x58cf23	github.com/couchbase/indexing/secondary/indexer.(*mutationStreamReader).syncWorker+0x123	/home/couchbase/jenkins/workspace/watson-unix/goproj/src/github.com/couchbase/indexing/secondary/indexer/stream_reader.go:349

5 @ 0x434073 0x42eb2e 0x42dff0 0x70297a 0x7029e6 0x70483a 0x718d14 0x67ee36 0xadea19 0xadf88a 0xadf903 0xadabd1 0xada940 0x678446 0x680639 0x685047 0x464ff1
#	0x42dff0	net.runtime_pollWait+0x60			/home/couchbase/.cbdepscache/exploded/x86_64/go-1.6/go/src/runtime/netpoll.go:160
#	0x70297a	net.(*pollDesc).Wait+0x3a			/home/couchbase/.cbdepscache/exploded/x86_64/go-1.6/go/src/net/fd_poll_runtime.go:73
#	0x7029e6	net.(*pollDesc).WaitRead+0x36			/home/couchbase/.cbdepscache/exploded/x86_64/go-1.6/go/src/net/fd_poll_runtime.go:78
#	0x70483a	net.(*netFD).Read+0x23a				/home/couchbase/.cbdepscache/exploded/x86_64/go-1.6/go/src/net/fd_unix.go:250
#	0x718d14	net.(*conn).Read+0xe4				/home/couchbase/.cbdepscache/exploded/x86_64/go-1.6/go/src/net/net.go:172
#	0x67ee36	net/http.(*connReader).Read+0x196		/home/couchbase/.cbdepscache/exploded/x86_64/go-1.6/go/src/net/http/server.go:526
#	0xadea19	bufio.(*Reader).fill+0x1e9			/home/couchbase/.cbdepscache/exploded/x86_64/go-1.6/go/src/bufio/bufio.go:97
#	0xadf88a	bufio.(*Reader).ReadSlice+0x21a			/home/couchbase/.cbdepscache/exploded/x86_64/go-1.6/go/src/bufio/bufio.go:328
#	0xadf903	bufio.(*Reader).ReadLine+0x53			/home/couchbase/.cbdepscache/exploded/x86_64/go-1.6/go/src/bufio/bufio.go:357
#	0xadabd1	net/textproto.(*Reader).readLineSlice+0x81	/home/couchbase/.cbdepscache/exploded/x86_64/go-1.6/go/src/net/textproto/reader.go:55
#	0xada940	net/textproto.(*Reader).ReadLine+0x40		/home/couchbase/.cbdepscache/exploded/x86_64/go-1.6/go/src/net/textproto/reader.go:36
#	0x678446	net/http.readRequest+0xb6			/home/couchbase/.cbdepscache/exploded/x86_64/go-1.6/go/src/net/http/request.go:721
#	0x680639	net/http.(*conn).readRequest+0x359		/home/couchbase/.cbdepscache/exploded/x86_64/go-1.6/go/src/net/http/server.go:705
#	0x685047	net/http.(*conn).serve+0x947			/home/couchbase/.cbdepscache/exploded/x86_64/go-1.6/go/src/net/http/server.go:1425

1 @ 0x434073 0x434134 0x40a4df 0x40a02b 0x4c5958 0x464ff1
#	0x4c5958	github.com/couchbase/indexing/secondary/indexer.(*adminMgr).run+0x58	/home/couchbase/jenkins/workspace/watson-unix/goproj/src/github.com/couchbase/indexing/secondary/indexer/admin_manager.go:51

1 @ 0x434073 0x434134 0x40a4df 0x40a02b 0x4d536d 0x464ff1
#	0x4d536d	github.com/couchbase/indexing/secondary/indexer.(*compactionManager).run+0x9d	/home/couchbase/jenkins/workspace/watson-unix/goproj/src/github.com/couchbase/indexing/secondary/indexer/compaction_manager.go:314

1 @ 0x434073 0x434134 0x44f859 0x523ecc 0x464ff1
#	0x44f859	time.Sleep+0xf9										/home/couchbase/.cbdepscache/exploded/x86_64/go-1.6/go/src/runtime/time.go:59
#	0x523ecc	github.com/couchbase/indexing/secondary/indexer.(*indexer).monitorMemUsage+0xa6c	/home/couchbase/jenkins/workspace/watson-unix/goproj/src/github.com/couchbase/indexing/secondary/indexer/indexer.go:4104

1 @ 0x434073 0x434134 0x44f859 0x526b7d 0x464ff1
#	0x44f859	time.Sleep+0xf9									/home/couchbase/.cbdepscache/exploded/x86_64/go-1.6/go/src/runtime/time.go:59
#	0x526b7d	github.com/couchbase/indexing/secondary/indexer.(*indexer).logMemstats+0x1fd	/home/couchbase/jenkins/workspace/watson-unix/goproj/src/github.com/couchbase/indexing/secondary/indexer/indexer.go:4381

1 @ 0x434073 0x442d87 0x4422e2 0x4fca91 0x464ff1
#	0x4fca91	github.com/couchbase/indexing/secondary/indexer.(*indexer).listenWorkerMsgs+0x291	/home/couchbase/jenkins/workspace/watson-unix/goproj/src/github.com/couchbase/indexing/secondary/indexer/indexer.go:572

1 @ 0x434073 0x442d87 0x4422e2 0x4fc4c2 0x464ff1
#	0x4fc4c2	github.com/couchbase/indexing/secondary/indexer.(*indexer).listenAdminMsgs+0x312	/home/couchbase/jenkins/workspace/watson-unix/goproj/src/github.com/couchbase/indexing/secondary/indexer/indexer.go:513

6 @ 0x434073 0x434134 0x40a4df 0x40a02b 0xa8b1e8 0x464ff1
#	0xa8b1e8	github.com/couchbase/indexing/secondary/queryport.(*Server).handleConnection+0x1a8	/home/couchbase/jenkins/workspace/watson-unix/goproj/src/github.com/couchbase/indexing/secondary/queryport/server.go:147

6 @ 0x434073 0x42eb2e 0x42dff0 0x70297a 0x7029e6 0x70483a 0x718d14 0xbca149 0xbcada6 0xbc9870 0xa8b73d 0x464ff1
#	0x42dff0	net.runtime_pollWait+0x60								/home/couchbase/.cbdepscache/exploded/x86_64/go-1.6/go/src/runtime/netpoll.go:160
#	0x70297a	net.(*pollDesc).Wait+0x3a								/home/couchbase/.cbdepscache/exploded/x86_64/go-1.6/go/src/net/fd_poll_runtime.go:73
#	0x7029e6	net.(*pollDesc).WaitRead+0x36								/home/couchbase/.cbdepscache/exploded/x86_64/go-1.6/go/src/net/fd_poll_runtime.go:78
#	0x70483a	net.(*netFD).Read+0x23a									/home/couchbase/.cbdepscache/exploded/x86_64/go-1.6/go/src/net/fd_unix.go:250
#	0x718d14	net.(*conn).Read+0xe4									/home/couchbase/.cbdepscache/exploded/x86_64/go-1.6/go/src/net/net.go:172
#	0xbca149	github.com/couchbase/indexing/secondary/transport.fullRead+0xa9				/home/couchbase/jenkins/workspace/watson-unix/goproj/src/github.com/couchbase/indexing/secondary/transport/transport.go:188
#	0xbcada6	github.com/couchbase/indexing/secondary/transport.Receive+0x116				/home/couchbase/jenkins/workspace/watson-unix/goproj/src/github.com/couchbase/indexing/secondary/transport/util.go:46
#	0xbc9870	github.com/couchbase/indexing/secondary/transport.(*TransportPacket).Receive+0xb0	/home/couchbase/jenkins/workspace/watson-unix/goproj/src/github.com/couchbase/indexing/secondary/transport/transport.go:116
#	0xa8b73d	github.com/couchbase/indexing/secondary/queryport.(*Server).doReceive+0x44d		/home/couchbase/jenkins/workspace/watson-unix/goproj/src/github.com/couchbase/indexing/secondary/queryport/server.go:173

4 @ 0x434073 0x442d87 0x4422e2 0xbaa713 0x464ff1
#	0xbaa713	github.com/couchbase/gometa/protocol.(*messageListener).start+0x5a3	/home/couchbase/jenkins/workspace/watson-unix/goproj/src/github.com/couchbase/gometa/protocol/leader.go:403

2 @ 0x434073 0x442d87 0x4422e2 0x5df25d 0x464ff1
#	0x5df25d	github.com/couchbase/indexing/secondary/indexer.(*timekeeper).startTimer.func1+0x11d	/home/couchbase/jenkins/workspace/watson-unix/goproj/src/github.com/couchbase/indexing/secondary/indexer/timekeeper.go:2904

